<?xml version="1.0" encoding="UTF-8"?>
<!-- Generated by org.testng.reporters.JUnitXMLReporter -->
<testsuite ignored="4" hostname="DESKTOP-OBP08OP" failures="0" tests="1" name="Default test" time="19.959" errors="0" timestamp="2025-06-08T00:10:35 EET">
  <testcase classname="MobileTestCase.MyTestCase" name="ClickInTwoRandomNumber" time="6.452"/>
  <testcase classname="MobileTestCase.MyTestCase" name="ClickEvenNumberOnly" time="0.0">
    <ignored/>
  </testcase> <!-- ClickEvenNumberOnly -->
  <testcase classname="MobileTestCase.MyTestCase" name="MyTest" time="0.0">
    <ignored/>
  </testcase> <!-- MyTest -->
  <testcase classname="MobileTestCase.MyTestCase" name="ClickOddNumberOnly" time="0.0">
    <ignored/>
  </testcase> <!-- ClickOddNumberOnly -->
  <testcase classname="MobileTestCase.MyTestCase" name="ClickNumberOnly" time="0.0">
    <ignored/>
  </testcase> <!-- ClickNumberOnly -->
</testsuite> <!-- Default test -->
