<?xml version="1.0" encoding="UTF-8"?>
<testng-results ignored="4" total="5" passed="1" failed="0" skipped="0">
  <reporter-output>
  </reporter-output>
  <suite started-at="2025-06-08T00:10:15 EET" name="Default suite" finished-at="2025-06-08T00:10:35 EET" duration-ms="19959">
    <groups>
    </groups>
    <test started-at="2025-06-08T00:10:15 EET" name="Default test" finished-at="2025-06-08T00:10:35 EET" duration-ms="19959">
      <class name="MobileTestCase.MyTestCase">
        <test-method is-config="true" signature="Setup()[pri:0, instance:MobileTestCase.MyTestCase@3c46e67a]" started-at="2025-06-08T00:10:15 EET" name="Setup" finished-at="2025-06-08T00:10:15 EET" duration-ms="41" status="PASS">
          <reporter-output>
          </reporter-output>
        </test-method> <!-- Setup -->
        <test-method is-config="true" signature="ThisPartStartsBeforeEaceTest()[pri:0, instance:MobileTestCase.MyTestCase@3c46e67a]" started-at="2025-06-08T00:10:15 EET" name="ThisPartStartsBeforeEaceTest" finished-at="2025-06-08T00:10:29 EET" duration-ms="13411" status="PASS">
          <reporter-output>
          </reporter-output>
        </test-method> <!-- ThisPartStartsBeforeEaceTest -->
        <test-method signature="ClickInTwoRandomNumber()[pri:5, instance:MobileTestCase.MyTestCase@3c46e67a]" started-at="2025-06-08T00:10:29 EET" name="ClickInTwoRandomNumber" finished-at="2025-06-08T00:10:35 EET" duration-ms="6452" status="PASS">
          <reporter-output>
          </reporter-output>
        </test-method> <!-- ClickInTwoRandomNumber -->
        <test-method is-config="true" signature="AfterMyTest()[pri:0, instance:MobileTestCase.MyTestCase@3c46e67a]" started-at="2025-06-08T00:10:35 EET" name="AfterMyTest" finished-at="2025-06-08T00:10:35 EET" duration-ms="1" status="PASS">
          <reporter-output>
          </reporter-output>
        </test-method> <!-- AfterMyTest -->
      </class> <!-- MobileTestCase.MyTestCase -->
    </test> <!-- Default test -->
  </suite> <!-- Default suite -->
</testng-results>
